[2026-04-01 21:27:54,225] multiqc                                            [DEBUG  ]  No MultiQC config found: /home/alumno07/miniconda3/envs/rnaseq_env/lib/python3.6/site-packages/multiqc_config.yaml
[2026-04-01 21:27:54,226] multiqc                                            [DEBUG  ]  No MultiQC config found: /home/alumno07/.multiqc_config.yaml
[2026-04-01 21:27:54,226] multiqc                                            [DEBUG  ]  No MultiQC config found: multiqc_config.yaml
[2026-04-01 21:27:54,226] multiqc                                            [DEBUG  ]  Command used: /home/alumno07/miniconda3/envs/rnaseq_env/bin/multiqc . --filename rnaseq_report.html --force
[2026-04-01 21:27:54,729] multiqc                                            [WARNING]  MultiQC Version v1.33 now available!
[2026-04-01 21:27:54,729] multiqc                                            [INFO   ]  This is MultiQC v1.9
[2026-04-01 21:27:54,729] multiqc                                            [DEBUG  ]  Command     : /home/alumno07/miniconda3/envs/rnaseq_env/bin/multiqc . --filename rnaseq_report.html --force
[2026-04-01 21:27:54,729] multiqc                                            [DEBUG  ]  Working dir : /home/alumno07/rnaseq_nextflow/work/7c/c293e2b3158868e13b66d0f3f53de8
[2026-04-01 21:27:54,729] multiqc                                            [INFO   ]  Template    : default
[2026-04-01 21:27:54,729] multiqc                                            [DEBUG  ]  Running Python 3.6.10 | packaged by conda-forge | (default, Apr 24 2020, 16:44:11)  [GCC 7.3.0]
[2026-04-01 21:27:54,730] multiqc                                            [INFO   ]  Searching   : /home/alumno07/rnaseq_nextflow/work/7c/c293e2b3158868e13b66d0f3f53de8
[2026-04-01 21:27:54,730] multiqc                                            [DEBUG  ]  Analysing modules: custom_content, conpair, peddy, somalier, methylQA, mosdepth, phantompeakqualtools, qualimap, preseq, quast, qorts, rna_seqc, rockhopper, rsem, rseqc, busco, goleft_indexcov, disambiguate, supernova, deeptools, sargasso, verifybamid, mirtrace, happy, mirtop, homer, macs2, theta2, snpeff, gatk, htseq, bcftools, featureCounts, fgbio, dragen, dedup, damageprofiler, biobambam2, mtnucratio, picard, prokka, samblaster, samtools, sexdeterrmine, bamtools, jellyfish, vcftools, longranger, stacks, varscan2, bbmap, bismark, biscuit, hicexplorer, hicup, hicpro, salmon, kallisto, slamdunk, star, hisat2, tophat, bowtie2, bowtie1, snpsplit, kat, leehom, adapterRemoval, clipandmerge, cutadapt, flexbar, kaiju, kraken, malt, trimmomatic, sickle, skewer, sortmerna, biobloomtools, fastq_screen, afterqc, fastp, fastqc, pycoqc, minionqc, multivcfanalyzer, clusterflow, bcl2fastq, interop, ivar, flash, seqyclean
[2026-04-01 21:27:54,730] multiqc                                            [DEBUG  ]  Using temporary directory for creating report: /tmp/tmpmji67t0o
[2026-04-01 21:27:54,831] multiqc                                            [DEBUG  ]  File ignored by hicexplorer because it exceeded search pattern filesize limit: .command.run
[2026-04-01 21:27:54,833] multiqc                                            [DEBUG  ]  File ignored by longranger/invocation because it exceeded search pattern filesize limit: .command.run
[2026-04-01 21:27:54,853] multiqc                                            [DEBUG  ]  File ignored by longranger/invocation because it exceeded search pattern filesize limit: SRR26327156_2.fastq.gz_trimming_report.txt
[2026-04-01 21:27:54,858] multiqc                                            [DEBUG  ]  File ignored by longranger/invocation because it exceeded search pattern filesize limit: SRR26327153_1.fastq.gz_trimming_report.txt
[2026-04-01 21:27:54,867] multiqc                                            [DEBUG  ]  File ignored by hicexplorer because it exceeded search pattern filesize limit: SRR26327153_2_fastqc.html
[2026-04-01 21:27:54,868] multiqc                                            [DEBUG  ]  File ignored by longranger/invocation because it exceeded search pattern filesize limit: SRR26327153_2_fastqc.html
[2026-04-01 21:27:54,868] multiqc                                            [DEBUG  ]  File ignored by rockhopper because it exceeded search pattern filesize limit: SRR26327153_2_fastqc.html
[2026-04-01 21:27:54,868] multiqc                                            [DEBUG  ]  File ignored by rseqc/bam_stat because it exceeded search pattern filesize limit: SRR26327153_2_fastqc.html
[2026-04-01 21:27:54,868] multiqc                                            [DEBUG  ]  File ignored by rseqc/junction_annotation because it exceeded search pattern filesize limit: SRR26327153_2_fastqc.html
[2026-04-01 21:27:54,868] multiqc                                            [DEBUG  ]  File ignored by rseqc/read_distribution because it exceeded search pattern filesize limit: SRR26327153_2_fastqc.html
[2026-04-01 21:27:54,868] multiqc                                            [DEBUG  ]  File ignored by rseqc/infer_experiment because it exceeded search pattern filesize limit: SRR26327153_2_fastqc.html
[2026-04-01 21:27:54,902] multiqc                                            [DEBUG  ]  File ignored by hicexplorer because it exceeded search pattern filesize limit: SRR26327153_1_fastqc.html
[2026-04-01 21:27:54,903] multiqc                                            [DEBUG  ]  File ignored by longranger/invocation because it exceeded search pattern filesize limit: SRR26327153_1_fastqc.html
[2026-04-01 21:27:54,903] multiqc                                            [DEBUG  ]  File ignored by rockhopper because it exceeded search pattern filesize limit: SRR26327153_1_fastqc.html
[2026-04-01 21:27:54,903] multiqc                                            [DEBUG  ]  File ignored by rseqc/bam_stat because it exceeded search pattern filesize limit: SRR26327153_1_fastqc.html
[2026-04-01 21:27:54,903] multiqc                                            [DEBUG  ]  File ignored by rseqc/junction_annotation because it exceeded search pattern filesize limit: SRR26327153_1_fastqc.html
[2026-04-01 21:27:54,903] multiqc                                            [DEBUG  ]  File ignored by rseqc/read_distribution because it exceeded search pattern filesize limit: SRR26327153_1_fastqc.html
[2026-04-01 21:27:54,903] multiqc                                            [DEBUG  ]  File ignored by rseqc/infer_experiment because it exceeded search pattern filesize limit: SRR26327153_1_fastqc.html
[2026-04-01 21:27:54,938] multiqc                                            [DEBUG  ]  File ignored by hicexplorer because it exceeded search pattern filesize limit: SRR26327157_1_val_1_fastqc.html
[2026-04-01 21:27:54,939] multiqc                                            [DEBUG  ]  File ignored by longranger/invocation because it exceeded search pattern filesize limit: SRR26327157_1_val_1_fastqc.html
[2026-04-01 21:27:54,939] multiqc                                            [DEBUG  ]  File ignored by rockhopper because it exceeded search pattern filesize limit: SRR26327157_1_val_1_fastqc.html
[2026-04-01 21:27:54,939] multiqc                                            [DEBUG  ]  File ignored by rseqc/bam_stat because it exceeded search pattern filesize limit: SRR26327157_1_val_1_fastqc.html
[2026-04-01 21:27:54,939] multiqc                                            [DEBUG  ]  File ignored by rseqc/junction_annotation because it exceeded search pattern filesize limit: SRR26327157_1_val_1_fastqc.html
[2026-04-01 21:27:54,939] multiqc                                            [DEBUG  ]  File ignored by rseqc/read_distribution because it exceeded search pattern filesize limit: SRR26327157_1_val_1_fastqc.html
[2026-04-01 21:27:54,939] multiqc                                            [DEBUG  ]  File ignored by rseqc/infer_experiment because it exceeded search pattern filesize limit: SRR26327157_1_val_1_fastqc.html
[2026-04-01 21:27:54,973] multiqc                                            [DEBUG  ]  File ignored by hicexplorer because it exceeded search pattern filesize limit: SRR26327153_2_val_2_fastqc.html
[2026-04-01 21:27:54,974] multiqc                                            [DEBUG  ]  File ignored by longranger/invocation because it exceeded search pattern filesize limit: SRR26327153_2_val_2_fastqc.html
[2026-04-01 21:27:54,974] multiqc                                            [DEBUG  ]  File ignored by rockhopper because it exceeded search pattern filesize limit: SRR26327153_2_val_2_fastqc.html
[2026-04-01 21:27:54,974] multiqc                                            [DEBUG  ]  File ignored by rseqc/bam_stat because it exceeded search pattern filesize limit: SRR26327153_2_val_2_fastqc.html
[2026-04-01 21:27:54,974] multiqc                                            [DEBUG  ]  File ignored by rseqc/junction_annotation because it exceeded search pattern filesize limit: SRR26327153_2_val_2_fastqc.html
[2026-04-01 21:27:54,974] multiqc                                            [DEBUG  ]  File ignored by rseqc/read_distribution because it exceeded search pattern filesize limit: SRR26327153_2_val_2_fastqc.html
[2026-04-01 21:27:54,974] multiqc                                            [DEBUG  ]  File ignored by rseqc/infer_experiment because it exceeded search pattern filesize limit: SRR26327153_2_val_2_fastqc.html
[2026-04-01 21:27:55,013] multiqc                                            [DEBUG  ]  File ignored by longranger/invocation because it exceeded search pattern filesize limit: SRR26327156_1.fastq.gz_trimming_report.txt
[2026-04-01 21:27:55,018] multiqc                                            [DEBUG  ]  File ignored by longranger/invocation because it exceeded search pattern filesize limit: SRR26327154_2.fastq.gz_trimming_report.txt
[2026-04-01 21:27:55,027] multiqc                                            [DEBUG  ]  File ignored by hicexplorer because it exceeded search pattern filesize limit: SRR26327154_2_fastqc.html
[2026-04-01 21:27:55,027] multiqc                                            [DEBUG  ]  File ignored by longranger/invocation because it exceeded search pattern filesize limit: SRR26327154_2_fastqc.html
[2026-04-01 21:27:55,027] multiqc                                            [DEBUG  ]  File ignored by rockhopper because it exceeded search pattern filesize limit: SRR26327154_2_fastqc.html
[2026-04-01 21:27:55,027] multiqc                                            [DEBUG  ]  File ignored by rseqc/bam_stat because it exceeded search pattern filesize limit: SRR26327154_2_fastqc.html
[2026-04-01 21:27:55,027] multiqc                                            [DEBUG  ]  File ignored by rseqc/junction_annotation because it exceeded search pattern filesize limit: SRR26327154_2_fastqc.html
[2026-04-01 21:27:55,027] multiqc                                            [DEBUG  ]  File ignored by rseqc/read_distribution because it exceeded search pattern filesize limit: SRR26327154_2_fastqc.html
[2026-04-01 21:27:55,028] multiqc                                            [DEBUG  ]  File ignored by rseqc/infer_experiment because it exceeded search pattern filesize limit: SRR26327154_2_fastqc.html
[2026-04-01 21:27:55,063] multiqc                                            [DEBUG  ]  File ignored by hicexplorer because it exceeded search pattern filesize limit: SRR26327156_1_val_1_fastqc.html
[2026-04-01 21:27:55,063] multiqc                                            [DEBUG  ]  File ignored by longranger/invocation because it exceeded search pattern filesize limit: SRR26327156_1_val_1_fastqc.html
[2026-04-01 21:27:55,064] multiqc                                            [DEBUG  ]  File ignored by rockhopper because it exceeded search pattern filesize limit: SRR26327156_1_val_1_fastqc.html
[2026-04-01 21:27:55,064] multiqc                                            [DEBUG  ]  File ignored by rseqc/bam_stat because it exceeded search pattern filesize limit: SRR26327156_1_val_1_fastqc.html
[2026-04-01 21:27:55,064] multiqc                                            [DEBUG  ]  File ignored by rseqc/junction_annotation because it exceeded search pattern filesize limit: SRR26327156_1_val_1_fastqc.html
[2026-04-01 21:27:55,064] multiqc                                            [DEBUG  ]  File ignored by rseqc/read_distribution because it exceeded search pattern filesize limit: SRR26327156_1_val_1_fastqc.html
[2026-04-01 21:27:55,064] multiqc                                            [DEBUG  ]  File ignored by rseqc/infer_experiment because it exceeded search pattern filesize limit: SRR26327156_1_val_1_fastqc.html
[2026-04-01 21:27:55,104] multiqc                                            [DEBUG  ]  File ignored by hicexplorer because it exceeded search pattern filesize limit: SRR26327154_1_fastqc.html
[2026-04-01 21:27:55,104] multiqc                                            [DEBUG  ]  File ignored by longranger/invocation because it exceeded search pattern filesize limit: SRR26327154_1_fastqc.html
[2026-04-01 21:27:55,104] multiqc                                            [DEBUG  ]  File ignored by rockhopper because it exceeded search pattern filesize limit: SRR26327154_1_fastqc.html
[2026-04-01 21:27:55,104] multiqc                                            [DEBUG  ]  File ignored by rseqc/bam_stat because it exceeded search pattern filesize limit: SRR26327154_1_fastqc.html
[2026-04-01 21:27:55,104] multiqc                                            [DEBUG  ]  File ignored by rseqc/junction_annotation because it exceeded search pattern filesize limit: SRR26327154_1_fastqc.html
[2026-04-01 21:27:55,104] multiqc                                            [DEBUG  ]  File ignored by rseqc/read_distribution because it exceeded search pattern filesize limit: SRR26327154_1_fastqc.html
[2026-04-01 21:27:55,104] multiqc                                            [DEBUG  ]  File ignored by rseqc/infer_experiment because it exceeded search pattern filesize limit: SRR26327154_1_fastqc.html
[2026-04-01 21:27:55,145] multiqc                                            [DEBUG  ]  File ignored by hicexplorer because it exceeded search pattern filesize limit: SRR26327155_1_fastqc.html
[2026-04-01 21:27:55,146] multiqc                                            [DEBUG  ]  File ignored by longranger/invocation because it exceeded search pattern filesize limit: SRR26327155_1_fastqc.html
[2026-04-01 21:27:55,146] multiqc                                            [DEBUG  ]  File ignored by rockhopper because it exceeded search pattern filesize limit: SRR26327155_1_fastqc.html
[2026-04-01 21:27:55,146] multiqc                                            [DEBUG  ]  File ignored by rseqc/bam_stat because it exceeded search pattern filesize limit: SRR26327155_1_fastqc.html
[2026-04-01 21:27:55,146] multiqc                                            [DEBUG  ]  File ignored by rseqc/junction_annotation because it exceeded search pattern filesize limit: SRR26327155_1_fastqc.html
[2026-04-01 21:27:55,146] multiqc                                            [DEBUG  ]  File ignored by rseqc/read_distribution because it exceeded search pattern filesize limit: SRR26327155_1_fastqc.html
[2026-04-01 21:27:55,146] multiqc                                            [DEBUG  ]  File ignored by rseqc/infer_experiment because it exceeded search pattern filesize limit: SRR26327155_1_fastqc.html
[2026-04-01 21:27:55,180] multiqc                                            [DEBUG  ]  File ignored by hicexplorer because it exceeded search pattern filesize limit: SRR26327157_2_val_2_fastqc.html
[2026-04-01 21:27:55,181] multiqc                                            [DEBUG  ]  File ignored by longranger/invocation because it exceeded search pattern filesize limit: SRR26327157_2_val_2_fastqc.html
[2026-04-01 21:27:55,181] multiqc                                            [DEBUG  ]  File ignored by rockhopper because it exceeded search pattern filesize limit: SRR26327157_2_val_2_fastqc.html
[2026-04-01 21:27:55,181] multiqc                                            [DEBUG  ]  File ignored by rseqc/bam_stat because it exceeded search pattern filesize limit: SRR26327157_2_val_2_fastqc.html
[2026-04-01 21:27:55,181] multiqc                                            [DEBUG  ]  File ignored by rseqc/junction_annotation because it exceeded search pattern filesize limit: SRR26327157_2_val_2_fastqc.html
[2026-04-01 21:27:55,181] multiqc                                            [DEBUG  ]  File ignored by rseqc/read_distribution because it exceeded search pattern filesize limit: SRR26327157_2_val_2_fastqc.html
[2026-04-01 21:27:55,181] multiqc                                            [DEBUG  ]  File ignored by rseqc/infer_experiment because it exceeded search pattern filesize limit: SRR26327157_2_val_2_fastqc.html
[2026-04-01 21:27:55,216] multiqc                                            [DEBUG  ]  File ignored by hicexplorer because it exceeded search pattern filesize limit: SRR26327152_1_val_1_fastqc.html
[2026-04-01 21:27:55,217] multiqc                                            [DEBUG  ]  File ignored by longranger/invocation because it exceeded search pattern filesize limit: SRR26327152_1_val_1_fastqc.html
[2026-04-01 21:27:55,217] multiqc                                            [DEBUG  ]  File ignored by rockhopper because it exceeded search pattern filesize limit: SRR26327152_1_val_1_fastqc.html
[2026-04-01 21:27:55,217] multiqc                                            [DEBUG  ]  File ignored by rseqc/bam_stat because it exceeded search pattern filesize limit: SRR26327152_1_val_1_fastqc.html
[2026-04-01 21:27:55,217] multiqc                                            [DEBUG  ]  File ignored by rseqc/junction_annotation because it exceeded search pattern filesize limit: SRR26327152_1_val_1_fastqc.html
[2026-04-01 21:27:55,217] multiqc                                            [DEBUG  ]  File ignored by rseqc/read_distribution because it exceeded search pattern filesize limit: SRR26327152_1_val_1_fastqc.html
[2026-04-01 21:27:55,217] multiqc                                            [DEBUG  ]  File ignored by rseqc/infer_experiment because it exceeded search pattern filesize limit: SRR26327152_1_val_1_fastqc.html
[2026-04-01 21:27:55,257] multiqc                                            [DEBUG  ]  File ignored by hicexplorer because it exceeded search pattern filesize limit: SRR26327152_2_val_2_fastqc.html
[2026-04-01 21:27:55,258] multiqc                                            [DEBUG  ]  File ignored by longranger/invocation because it exceeded search pattern filesize limit: SRR26327152_2_val_2_fastqc.html
[2026-04-01 21:27:55,258] multiqc                                            [DEBUG  ]  File ignored by rockhopper because it exceeded search pattern filesize limit: SRR26327152_2_val_2_fastqc.html
[2026-04-01 21:27:55,258] multiqc                                            [DEBUG  ]  File ignored by rseqc/bam_stat because it exceeded search pattern filesize limit: SRR26327152_2_val_2_fastqc.html
[2026-04-01 21:27:55,258] multiqc                                            [DEBUG  ]  File ignored by rseqc/junction_annotation because it exceeded search pattern filesize limit: SRR26327152_2_val_2_fastqc.html
[2026-04-01 21:27:55,258] multiqc                                            [DEBUG  ]  File ignored by rseqc/read_distribution because it exceeded search pattern filesize limit: SRR26327152_2_val_2_fastqc.html
[2026-04-01 21:27:55,258] multiqc                                            [DEBUG  ]  File ignored by rseqc/infer_experiment because it exceeded search pattern filesize limit: SRR26327152_2_val_2_fastqc.html
[2026-04-01 21:27:55,293] multiqc                                            [DEBUG  ]  File ignored by longranger/invocation because it exceeded search pattern filesize limit: SRR26327153_2.fastq.gz_trimming_report.txt
[2026-04-01 21:27:55,302] multiqc                                            [DEBUG  ]  File ignored by hicexplorer because it exceeded search pattern filesize limit: SRR26327155_2_val_2_fastqc.html
[2026-04-01 21:27:55,303] multiqc                                            [DEBUG  ]  File ignored by longranger/invocation because it exceeded search pattern filesize limit: SRR26327155_2_val_2_fastqc.html
[2026-04-01 21:27:55,303] multiqc                                            [DEBUG  ]  File ignored by rockhopper because it exceeded search pattern filesize limit: SRR26327155_2_val_2_fastqc.html
[2026-04-01 21:27:55,303] multiqc                                            [DEBUG  ]  File ignored by rseqc/bam_stat because it exceeded search pattern filesize limit: SRR26327155_2_val_2_fastqc.html
[2026-04-01 21:27:55,303] multiqc                                            [DEBUG  ]  File ignored by rseqc/junction_annotation because it exceeded search pattern filesize limit: SRR26327155_2_val_2_fastqc.html
[2026-04-01 21:27:55,303] multiqc                                            [DEBUG  ]  File ignored by rseqc/read_distribution because it exceeded search pattern filesize limit: SRR26327155_2_val_2_fastqc.html
[2026-04-01 21:27:55,303] multiqc                                            [DEBUG  ]  File ignored by rseqc/infer_experiment because it exceeded search pattern filesize limit: SRR26327155_2_val_2_fastqc.html
[2026-04-01 21:27:55,330] multiqc                                            [DEBUG  ]  File ignored by longranger/invocation because it exceeded search pattern filesize limit: SRR26327157_1.fastq.gz_trimming_report.txt
[2026-04-01 21:27:55,334] multiqc                                            [DEBUG  ]  File ignored by longranger/invocation because it exceeded search pattern filesize limit: SRR26327152_2.fastq.gz_trimming_report.txt
[2026-04-01 21:27:55,340] multiqc                                            [DEBUG  ]  File ignored by hicexplorer because it exceeded search pattern filesize limit: SRR26327156_2_fastqc.html
[2026-04-01 21:27:55,340] multiqc                                            [DEBUG  ]  File ignored by longranger/invocation because it exceeded search pattern filesize limit: SRR26327156_2_fastqc.html
[2026-04-01 21:27:55,340] multiqc                                            [DEBUG  ]  File ignored by rockhopper because it exceeded search pattern filesize limit: SRR26327156_2_fastqc.html
[2026-04-01 21:27:55,340] multiqc                                            [DEBUG  ]  File ignored by rseqc/bam_stat because it exceeded search pattern filesize limit: SRR26327156_2_fastqc.html
[2026-04-01 21:27:55,340] multiqc                                            [DEBUG  ]  File ignored by rseqc/junction_annotation because it exceeded search pattern filesize limit: SRR26327156_2_fastqc.html
[2026-04-01 21:27:55,340] multiqc                                            [DEBUG  ]  File ignored by rseqc/read_distribution because it exceeded search pattern filesize limit: SRR26327156_2_fastqc.html
[2026-04-01 21:27:55,340] multiqc                                            [DEBUG  ]  File ignored by rseqc/infer_experiment because it exceeded search pattern filesize limit: SRR26327156_2_fastqc.html
[2026-04-01 21:27:55,363] multiqc                                            [DEBUG  ]  File ignored by hicexplorer because it exceeded search pattern filesize limit: SRR26327155_2_fastqc.html
[2026-04-01 21:27:55,364] multiqc                                            [DEBUG  ]  File ignored by longranger/invocation because it exceeded search pattern filesize limit: SRR26327155_2_fastqc.html
[2026-04-01 21:27:55,364] multiqc                                            [DEBUG  ]  File ignored by rockhopper because it exceeded search pattern filesize limit: SRR26327155_2_fastqc.html
[2026-04-01 21:27:55,364] multiqc                                            [DEBUG  ]  File ignored by rseqc/bam_stat because it exceeded search pattern filesize limit: SRR26327155_2_fastqc.html
[2026-04-01 21:27:55,364] multiqc                                            [DEBUG  ]  File ignored by rseqc/junction_annotation because it exceeded search pattern filesize limit: SRR26327155_2_fastqc.html
[2026-04-01 21:27:55,364] multiqc                                            [DEBUG  ]  File ignored by rseqc/read_distribution because it exceeded search pattern filesize limit: SRR26327155_2_fastqc.html
[2026-04-01 21:27:55,364] multiqc                                            [DEBUG  ]  File ignored by rseqc/infer_experiment because it exceeded search pattern filesize limit: SRR26327155_2_fastqc.html
[2026-04-01 21:27:55,387] multiqc                                            [DEBUG  ]  File ignored by longranger/invocation because it exceeded search pattern filesize limit: SRR26327152_1.fastq.gz_trimming_report.txt
[2026-04-01 21:27:55,392] multiqc                                            [DEBUG  ]  File ignored by longranger/invocation because it exceeded search pattern filesize limit: SRR26327155_2.fastq.gz_trimming_report.txt
[2026-04-01 21:27:55,397] multiqc                                            [DEBUG  ]  File ignored by hicexplorer because it exceeded search pattern filesize limit: SRR26327155_1_val_1_fastqc.html
[2026-04-01 21:27:55,397] multiqc                                            [DEBUG  ]  File ignored by longranger/invocation because it exceeded search pattern filesize limit: SRR26327155_1_val_1_fastqc.html
[2026-04-01 21:27:55,397] multiqc                                            [DEBUG  ]  File ignored by rockhopper because it exceeded search pattern filesize limit: SRR26327155_1_val_1_fastqc.html
[2026-04-01 21:27:55,397] multiqc                                            [DEBUG  ]  File ignored by rseqc/bam_stat because it exceeded search pattern filesize limit: SRR26327155_1_val_1_fastqc.html
[2026-04-01 21:27:55,398] multiqc                                            [DEBUG  ]  File ignored by rseqc/junction_annotation because it exceeded search pattern filesize limit: SRR26327155_1_val_1_fastqc.html
[2026-04-01 21:27:55,398] multiqc                                            [DEBUG  ]  File ignored by rseqc/read_distribution because it exceeded search pattern filesize limit: SRR26327155_1_val_1_fastqc.html
[2026-04-01 21:27:55,398] multiqc                                            [DEBUG  ]  File ignored by rseqc/infer_experiment because it exceeded search pattern filesize limit: SRR26327155_1_val_1_fastqc.html
[2026-04-01 21:27:55,420] multiqc                                            [DEBUG  ]  File ignored by hicexplorer because it exceeded search pattern filesize limit: SRR26327156_1_fastqc.html
[2026-04-01 21:27:55,421] multiqc                                            [DEBUG  ]  File ignored by longranger/invocation because it exceeded search pattern filesize limit: SRR26327156_1_fastqc.html
[2026-04-01 21:27:55,421] multiqc                                            [DEBUG  ]  File ignored by rockhopper because it exceeded search pattern filesize limit: SRR26327156_1_fastqc.html
[2026-04-01 21:27:55,421] multiqc                                            [DEBUG  ]  File ignored by rseqc/bam_stat because it exceeded search pattern filesize limit: SRR26327156_1_fastqc.html
[2026-04-01 21:27:55,421] multiqc                                            [DEBUG  ]  File ignored by rseqc/junction_annotation because it exceeded search pattern filesize limit: SRR26327156_1_fastqc.html
[2026-04-01 21:27:55,421] multiqc                                            [DEBUG  ]  File ignored by rseqc/read_distribution because it exceeded search pattern filesize limit: SRR26327156_1_fastqc.html
[2026-04-01 21:27:55,421] multiqc                                            [DEBUG  ]  File ignored by rseqc/infer_experiment because it exceeded search pattern filesize limit: SRR26327156_1_fastqc.html
[2026-04-01 21:27:55,447] multiqc                                            [DEBUG  ]  File ignored by hicexplorer because it exceeded search pattern filesize limit: SRR26327156_2_val_2_fastqc.html
[2026-04-01 21:27:55,448] multiqc                                            [DEBUG  ]  File ignored by longranger/invocation because it exceeded search pattern filesize limit: SRR26327156_2_val_2_fastqc.html
[2026-04-01 21:27:55,448] multiqc                                            [DEBUG  ]  File ignored by rockhopper because it exceeded search pattern filesize limit: SRR26327156_2_val_2_fastqc.html
[2026-04-01 21:27:55,448] multiqc                                            [DEBUG  ]  File ignored by rseqc/bam_stat because it exceeded search pattern filesize limit: SRR26327156_2_val_2_fastqc.html
[2026-04-01 21:27:55,448] multiqc                                            [DEBUG  ]  File ignored by rseqc/junction_annotation because it exceeded search pattern filesize limit: SRR26327156_2_val_2_fastqc.html
[2026-04-01 21:27:55,448] multiqc                                            [DEBUG  ]  File ignored by rseqc/read_distribution because it exceeded search pattern filesize limit: SRR26327156_2_val_2_fastqc.html
[2026-04-01 21:27:55,448] multiqc                                            [DEBUG  ]  File ignored by rseqc/infer_experiment because it exceeded search pattern filesize limit: SRR26327156_2_val_2_fastqc.html
[2026-04-01 21:27:55,471] multiqc                                            [DEBUG  ]  File ignored by hicexplorer because it exceeded search pattern filesize limit: SRR26327152_2_fastqc.html
[2026-04-01 21:27:55,472] multiqc                                            [DEBUG  ]  File ignored by longranger/invocation because it exceeded search pattern filesize limit: SRR26327152_2_fastqc.html
[2026-04-01 21:27:55,472] multiqc                                            [DEBUG  ]  File ignored by rockhopper because it exceeded search pattern filesize limit: SRR26327152_2_fastqc.html
[2026-04-01 21:27:55,472] multiqc                                            [DEBUG  ]  File ignored by rseqc/bam_stat because it exceeded search pattern filesize limit: SRR26327152_2_fastqc.html
[2026-04-01 21:27:55,472] multiqc                                            [DEBUG  ]  File ignored by rseqc/junction_annotation because it exceeded search pattern filesize limit: SRR26327152_2_fastqc.html
[2026-04-01 21:27:55,472] multiqc                                            [DEBUG  ]  File ignored by rseqc/read_distribution because it exceeded search pattern filesize limit: SRR26327152_2_fastqc.html
[2026-04-01 21:27:55,472] multiqc                                            [DEBUG  ]  File ignored by rseqc/infer_experiment because it exceeded search pattern filesize limit: SRR26327152_2_fastqc.html
[2026-04-01 21:27:55,495] multiqc                                            [DEBUG  ]  File ignored by hicexplorer because it exceeded search pattern filesize limit: SRR26327153_1_val_1_fastqc.html
[2026-04-01 21:27:55,496] multiqc                                            [DEBUG  ]  File ignored by longranger/invocation because it exceeded search pattern filesize limit: SRR26327153_1_val_1_fastqc.html
[2026-04-01 21:27:55,496] multiqc                                            [DEBUG  ]  File ignored by rockhopper because it exceeded search pattern filesize limit: SRR26327153_1_val_1_fastqc.html
[2026-04-01 21:27:55,496] multiqc                                            [DEBUG  ]  File ignored by rseqc/bam_stat because it exceeded search pattern filesize limit: SRR26327153_1_val_1_fastqc.html
[2026-04-01 21:27:55,496] multiqc                                            [DEBUG  ]  File ignored by rseqc/junction_annotation because it exceeded search pattern filesize limit: SRR26327153_1_val_1_fastqc.html
[2026-04-01 21:27:55,496] multiqc                                            [DEBUG  ]  File ignored by rseqc/read_distribution because it exceeded search pattern filesize limit: SRR26327153_1_val_1_fastqc.html
[2026-04-01 21:27:55,496] multiqc                                            [DEBUG  ]  File ignored by rseqc/infer_experiment because it exceeded search pattern filesize limit: SRR26327153_1_val_1_fastqc.html
[2026-04-01 21:27:55,518] multiqc                                            [DEBUG  ]  File ignored by hicexplorer because it exceeded search pattern filesize limit: SRR26327157_1_fastqc.html
[2026-04-01 21:27:55,519] multiqc                                            [DEBUG  ]  File ignored by longranger/invocation because it exceeded search pattern filesize limit: SRR26327157_1_fastqc.html
[2026-04-01 21:27:55,519] multiqc                                            [DEBUG  ]  File ignored by rockhopper because it exceeded search pattern filesize limit: SRR26327157_1_fastqc.html
[2026-04-01 21:27:55,519] multiqc                                            [DEBUG  ]  File ignored by rseqc/bam_stat because it exceeded search pattern filesize limit: SRR26327157_1_fastqc.html
[2026-04-01 21:27:55,519] multiqc                                            [DEBUG  ]  File ignored by rseqc/junction_annotation because it exceeded search pattern filesize limit: SRR26327157_1_fastqc.html
[2026-04-01 21:27:55,519] multiqc                                            [DEBUG  ]  File ignored by rseqc/read_distribution because it exceeded search pattern filesize limit: SRR26327157_1_fastqc.html
[2026-04-01 21:27:55,519] multiqc                                            [DEBUG  ]  File ignored by rseqc/infer_experiment because it exceeded search pattern filesize limit: SRR26327157_1_fastqc.html
[2026-04-01 21:27:55,542] multiqc                                            [DEBUG  ]  File ignored by hicexplorer because it exceeded search pattern filesize limit: SRR26327152_1_fastqc.html
[2026-04-01 21:27:55,542] multiqc                                            [DEBUG  ]  File ignored by longranger/invocation because it exceeded search pattern filesize limit: SRR26327152_1_fastqc.html
[2026-04-01 21:27:55,542] multiqc                                            [DEBUG  ]  File ignored by rockhopper because it exceeded search pattern filesize limit: SRR26327152_1_fastqc.html
[2026-04-01 21:27:55,542] multiqc                                            [DEBUG  ]  File ignored by rseqc/bam_stat because it exceeded search pattern filesize limit: SRR26327152_1_fastqc.html
[2026-04-01 21:27:55,542] multiqc                                            [DEBUG  ]  File ignored by rseqc/junction_annotation because it exceeded search pattern filesize limit: SRR26327152_1_fastqc.html
[2026-04-01 21:27:55,542] multiqc                                            [DEBUG  ]  File ignored by rseqc/read_distribution because it exceeded search pattern filesize limit: SRR26327152_1_fastqc.html
[2026-04-01 21:27:55,542] multiqc                                            [DEBUG  ]  File ignored by rseqc/infer_experiment because it exceeded search pattern filesize limit: SRR26327152_1_fastqc.html
[2026-04-01 21:27:55,565] multiqc                                            [DEBUG  ]  File ignored by hicexplorer because it exceeded search pattern filesize limit: SRR26327157_2_fastqc.html
[2026-04-01 21:27:55,566] multiqc                                            [DEBUG  ]  File ignored by longranger/invocation because it exceeded search pattern filesize limit: SRR26327157_2_fastqc.html
[2026-04-01 21:27:55,566] multiqc                                            [DEBUG  ]  File ignored by rockhopper because it exceeded search pattern filesize limit: SRR26327157_2_fastqc.html
[2026-04-01 21:27:55,566] multiqc                                            [DEBUG  ]  File ignored by rseqc/bam_stat because it exceeded search pattern filesize limit: SRR26327157_2_fastqc.html
[2026-04-01 21:27:55,566] multiqc                                            [DEBUG  ]  File ignored by rseqc/junction_annotation because it exceeded search pattern filesize limit: SRR26327157_2_fastqc.html
[2026-04-01 21:27:55,566] multiqc                                            [DEBUG  ]  File ignored by rseqc/read_distribution because it exceeded search pattern filesize limit: SRR26327157_2_fastqc.html
[2026-04-01 21:27:55,566] multiqc                                            [DEBUG  ]  File ignored by rseqc/infer_experiment because it exceeded search pattern filesize limit: SRR26327157_2_fastqc.html
[2026-04-01 21:27:55,588] multiqc                                            [DEBUG  ]  File ignored by hicexplorer because it exceeded search pattern filesize limit: SRR26327154_2_val_2_fastqc.html
[2026-04-01 21:27:55,589] multiqc                                            [DEBUG  ]  File ignored by longranger/invocation because it exceeded search pattern filesize limit: SRR26327154_2_val_2_fastqc.html
[2026-04-01 21:27:55,589] multiqc                                            [DEBUG  ]  File ignored by rockhopper because it exceeded search pattern filesize limit: SRR26327154_2_val_2_fastqc.html
[2026-04-01 21:27:55,589] multiqc                                            [DEBUG  ]  File ignored by rseqc/bam_stat because it exceeded search pattern filesize limit: SRR26327154_2_val_2_fastqc.html
[2026-04-01 21:27:55,589] multiqc                                            [DEBUG  ]  File ignored by rseqc/junction_annotation because it exceeded search pattern filesize limit: SRR26327154_2_val_2_fastqc.html
[2026-04-01 21:27:55,589] multiqc                                            [DEBUG  ]  File ignored by rseqc/read_distribution because it exceeded search pattern filesize limit: SRR26327154_2_val_2_fastqc.html
[2026-04-01 21:27:55,589] multiqc                                            [DEBUG  ]  File ignored by rseqc/infer_experiment because it exceeded search pattern filesize limit: SRR26327154_2_val_2_fastqc.html
[2026-04-01 21:27:55,612] multiqc                                            [DEBUG  ]  File ignored by longranger/invocation because it exceeded search pattern filesize limit: SRR26327155_1.fastq.gz_trimming_report.txt
[2026-04-01 21:27:55,617] multiqc                                            [DEBUG  ]  File ignored by longranger/invocation because it exceeded search pattern filesize limit: SRR26327154_1.fastq.gz_trimming_report.txt
[2026-04-01 21:27:55,626] multiqc                                            [DEBUG  ]  File ignored by longranger/invocation because it exceeded search pattern filesize limit: SRR26327157_2.fastq.gz_trimming_report.txt
[2026-04-01 21:27:55,638] multiqc                                            [DEBUG  ]  File ignored by hicexplorer because it exceeded search pattern filesize limit: SRR26327154_1_val_1_fastqc.html
[2026-04-01 21:27:55,639] multiqc                                            [DEBUG  ]  File ignored by longranger/invocation because it exceeded search pattern filesize limit: SRR26327154_1_val_1_fastqc.html
[2026-04-01 21:27:55,639] multiqc                                            [DEBUG  ]  File ignored by rockhopper because it exceeded search pattern filesize limit: SRR26327154_1_val_1_fastqc.html
[2026-04-01 21:27:55,639] multiqc                                            [DEBUG  ]  File ignored by rseqc/bam_stat because it exceeded search pattern filesize limit: SRR26327154_1_val_1_fastqc.html
[2026-04-01 21:27:55,639] multiqc                                            [DEBUG  ]  File ignored by rseqc/junction_annotation because it exceeded search pattern filesize limit: SRR26327154_1_val_1_fastqc.html
[2026-04-01 21:27:55,639] multiqc                                            [DEBUG  ]  File ignored by rseqc/read_distribution because it exceeded search pattern filesize limit: SRR26327154_1_val_1_fastqc.html
[2026-04-01 21:27:55,639] multiqc                                            [DEBUG  ]  File ignored by rseqc/infer_experiment because it exceeded search pattern filesize limit: SRR26327154_1_val_1_fastqc.html
[2026-04-01 21:27:55,844] multiqc.plots.bargraph                             [DEBUG  ]  Using matplotlib version 3.3.4
[2026-04-01 21:27:55,844] multiqc.plots.linegraph                            [DEBUG  ]  Using matplotlib version 3.3.4
[2026-04-01 21:27:55,844] multiqc                                            [DEBUG  ]  No samples found: custom_content
[2026-04-01 21:27:55,847] multiqc                                            [DEBUG  ]  No samples found: conpair
[2026-04-01 21:27:55,849] multiqc                                            [DEBUG  ]  No samples found: peddy
[2026-04-01 21:27:55,851] multiqc                                            [DEBUG  ]  No samples found: somalier
[2026-04-01 21:27:55,853] multiqc                                            [DEBUG  ]  No samples found: methylQA
[2026-04-01 21:27:55,855] multiqc                                            [DEBUG  ]  No samples found: mosdepth
[2026-04-01 21:27:55,858] multiqc                                            [DEBUG  ]  No samples found: phantompeakqualtools
[2026-04-01 21:27:55,860] multiqc                                            [DEBUG  ]  No samples found: qualimap
[2026-04-01 21:27:55,862] multiqc                                            [DEBUG  ]  No samples found: preseq
[2026-04-01 21:27:55,864] multiqc                                            [DEBUG  ]  No samples found: quast
[2026-04-01 21:27:55,866] multiqc                                            [DEBUG  ]  No samples found: qorts
[2026-04-01 21:27:55,868] multiqc                                            [DEBUG  ]  No samples found: rna_seqc
[2026-04-01 21:27:55,870] multiqc                                            [DEBUG  ]  No samples found: rockhopper
[2026-04-01 21:27:55,872] multiqc                                            [DEBUG  ]  No samples found: rsem
[2026-04-01 21:27:55,875] multiqc                                            [DEBUG  ]  No samples found: rseqc
[2026-04-01 21:27:55,877] multiqc                                            [DEBUG  ]  No samples found: busco
[2026-04-01 21:27:55,879] multiqc                                            [DEBUG  ]  No samples found: goleft_indexcov
[2026-04-01 21:27:55,881] multiqc                                            [DEBUG  ]  No samples found: disambiguate
[2026-04-01 21:27:55,883] multiqc                                            [DEBUG  ]  No samples found: supernova
[2026-04-01 21:27:55,887] multiqc                                            [DEBUG  ]  No samples found: deeptools
[2026-04-01 21:27:55,889] multiqc                                            [DEBUG  ]  No samples found: sargasso
[2026-04-01 21:27:55,891] multiqc                                            [DEBUG  ]  No samples found: verifybamid
[2026-04-01 21:27:55,893] multiqc                                            [DEBUG  ]  No samples found: mirtrace
[2026-04-01 21:27:55,895] multiqc                                            [DEBUG  ]  No samples found: happy
[2026-04-01 21:27:55,897] multiqc                                            [DEBUG  ]  No samples found: mirtop
[2026-04-01 21:27:55,899] multiqc                                            [DEBUG  ]  No samples found: homer
[2026-04-01 21:27:55,901] multiqc                                            [DEBUG  ]  No samples found: macs2
[2026-04-01 21:27:55,903] multiqc                                            [DEBUG  ]  No samples found: theta2
[2026-04-01 21:27:55,906] multiqc                                            [DEBUG  ]  No samples found: snpeff
[2026-04-01 21:27:55,908] multiqc                                            [DEBUG  ]  No samples found: gatk
[2026-04-01 21:27:55,910] multiqc                                            [DEBUG  ]  No samples found: htseq
[2026-04-01 21:27:55,913] multiqc                                            [DEBUG  ]  No samples found: bcftools
[2026-04-01 21:27:55,916] multiqc.modules.featureCounts.feature_counts       [INFO   ]  Found 6 reports
[2026-04-01 21:27:55,920] multiqc                                            [DEBUG  ]  No samples found: fgbio
[2026-04-01 21:27:55,923] multiqc                                            [DEBUG  ]  No samples found: dragen
[2026-04-01 21:27:55,925] multiqc                                            [DEBUG  ]  No samples found: dedup
[2026-04-01 21:27:55,927] multiqc                                            [DEBUG  ]  No samples found: damageprofiler
[2026-04-01 21:27:55,932] multiqc                                            [DEBUG  ]  No samples found: biobambam2
[2026-04-01 21:27:55,934] multiqc                                            [DEBUG  ]  No samples found: mtnucratio
[2026-04-01 21:27:55,936] multiqc                                            [DEBUG  ]  No samples found: picard
[2026-04-01 21:27:55,938] multiqc                                            [DEBUG  ]  No samples found: prokka
[2026-04-01 21:27:55,940] multiqc                                            [DEBUG  ]  No samples found: samblaster
[2026-04-01 21:27:55,943] multiqc                                            [DEBUG  ]  No samples found: samtools
[2026-04-01 21:27:55,945] multiqc                                            [DEBUG  ]  No samples found: sexdeterrmine
[2026-04-01 21:27:55,947] multiqc                                            [DEBUG  ]  No samples found: bamtools
[2026-04-01 21:27:55,949] multiqc                                            [DEBUG  ]  No samples found: jellyfish
[2026-04-01 21:27:55,952] multiqc                                            [DEBUG  ]  No samples found: vcftools
[2026-04-01 21:27:55,954] multiqc                                            [DEBUG  ]  No samples found: longranger
[2026-04-01 21:27:55,956] multiqc                                            [DEBUG  ]  No samples found: stacks
[2026-04-01 21:27:55,958] multiqc                                            [DEBUG  ]  No samples found: varscan2
[2026-04-01 21:27:55,961] multiqc                                            [DEBUG  ]  No samples found: bbmap
[2026-04-01 21:27:55,963] multiqc                                            [DEBUG  ]  No samples found: bismark
[2026-04-01 21:27:55,966] multiqc                                            [DEBUG  ]  No samples found: biscuit
[2026-04-01 21:27:55,968] multiqc                                            [DEBUG  ]  No samples found: hicexplorer
[2026-04-01 21:27:55,970] multiqc                                            [DEBUG  ]  No samples found: hicup
[2026-04-01 21:27:55,972] multiqc                                            [DEBUG  ]  No samples found: hicpro
[2026-04-01 21:27:55,974] multiqc                                            [DEBUG  ]  No samples found: salmon
[2026-04-01 21:27:55,976] multiqc                                            [DEBUG  ]  No samples found: kallisto
[2026-04-01 21:27:55,978] multiqc                                            [DEBUG  ]  No samples found: slamdunk
[2026-04-01 21:27:55,980] multiqc                                            [DEBUG  ]  No samples found: star
[2026-04-01 21:27:55,984] multiqc.modules.hisat2.hisat2                      [INFO   ]  Found 6 reports
[2026-04-01 21:27:55,990] multiqc                                            [DEBUG  ]  No samples found: tophat
[2026-04-01 21:27:55,992] multiqc                                            [DEBUG  ]  No samples found: bowtie2
[2026-04-01 21:27:55,994] multiqc                                            [DEBUG  ]  No samples found: bowtie1
[2026-04-01 21:27:55,996] multiqc                                            [DEBUG  ]  No samples found: snpsplit
[2026-04-01 21:27:55,998] multiqc                                            [DEBUG  ]  No samples found: kat
[2026-04-01 21:27:56,002] multiqc                                            [DEBUG  ]  No samples found: leehom
[2026-04-01 21:27:56,004] multiqc                                            [DEBUG  ]  No samples found: adapterRemoval
[2026-04-01 21:27:56,006] multiqc                                            [DEBUG  ]  No samples found: clipandmerge
[2026-04-01 21:27:56,019] multiqc.modules.cutadapt.cutadapt                  [INFO   ]  Found 12 reports
[2026-04-01 21:27:56,026] multiqc                                            [DEBUG  ]  No samples found: flexbar
[2026-04-01 21:27:56,028] multiqc                                            [DEBUG  ]  No samples found: kaiju
[2026-04-01 21:27:56,030] multiqc                                            [DEBUG  ]  No samples found: kraken
[2026-04-01 21:27:56,032] multiqc                                            [DEBUG  ]  No samples found: malt
[2026-04-01 21:27:56,034] multiqc                                            [DEBUG  ]  No samples found: trimmomatic
[2026-04-01 21:27:56,036] multiqc                                            [DEBUG  ]  No samples found: sickle
[2026-04-01 21:27:56,038] multiqc                                            [DEBUG  ]  No samples found: skewer
[2026-04-01 21:27:56,040] multiqc                                            [DEBUG  ]  No samples found: sortmerna
[2026-04-01 21:27:56,043] multiqc                                            [DEBUG  ]  No samples found: biobloomtools
[2026-04-01 21:27:56,045] multiqc                                            [DEBUG  ]  No samples found: fastq_screen
[2026-04-01 21:27:56,047] multiqc                                            [DEBUG  ]  No samples found: afterqc
[2026-04-01 21:27:56,049] multiqc                                            [DEBUG  ]  No samples found: fastp
[2026-04-01 21:27:56,191] multiqc.modules.fastqc.fastqc                      [INFO   ]  Found 24 reports
[2026-04-01 21:27:56,331] multiqc                                            [DEBUG  ]  No samples found: pycoqc
[2026-04-01 21:27:56,334] multiqc                                            [DEBUG  ]  No samples found: minionqc
[2026-04-01 21:27:56,336] multiqc                                            [DEBUG  ]  No samples found: multivcfanalyzer
[2026-04-01 21:27:56,338] multiqc                                            [DEBUG  ]  No samples found: clusterflow
[2026-04-01 21:27:56,340] multiqc                                            [DEBUG  ]  No samples found: bcl2fastq
[2026-04-01 21:27:56,342] multiqc                                            [DEBUG  ]  No samples found: interop
[2026-04-01 21:27:56,344] multiqc                                            [DEBUG  ]  No samples found: ivar
[2026-04-01 21:27:56,346] multiqc                                            [DEBUG  ]  No samples found: flash
[2026-04-01 21:27:56,348] multiqc                                            [DEBUG  ]  No samples found: seqyclean
[2026-04-01 21:27:56,375] multiqc                                            [INFO   ]  Compressing plot data
[2026-04-01 21:27:56,667] multiqc                                            [INFO   ]  Report      : rnaseq_report.html
[2026-04-01 21:27:56,667] multiqc                                            [INFO   ]  Data        : rnaseq_report_data
[2026-04-01 21:27:56,667] multiqc                                            [DEBUG  ]  Moving data file from '/tmp/tmpmji67t0o/multiqc_data' to '/home/alumno07/rnaseq_nextflow/work/7c/c293e2b3158868e13b66d0f3f53de8/rnaseq_report_data'
[2026-04-01 21:27:56,737] multiqc                                            [INFO   ]  MultiQC complete
